<?xml version="1.0" encoding="UTF-8"?>
<testng-results ignored="0" total="1" passed="1" failed="0" skipped="0">
  <reporter-output>
  </reporter-output>
  <suite started-at="2021-03-22T16:13:44 IST" name="Default suite" finished-at="2021-03-22T16:17:56 IST" duration-ms="251112">
    <groups>
    </groups>
    <test started-at="2021-03-22T16:13:44 IST" name="Default test" finished-at="2021-03-22T16:17:56 IST" duration-ms="251112">
      <class name="testpackage.TestMakeMyTrip">
        <test-method is-config="true" signature="beforetest()[pri:0, instance:testpackage.TestMakeMyTrip@5c86dbc5]" started-at="2021-03-22T16:13:44 IST" name="beforetest" finished-at="2021-03-22T16:13:45 IST" duration-ms="22" status="PASS">
          <reporter-output>
          </reporter-output>
        </test-method> <!-- beforetest -->
        <test-method signature="main()[pri:0, instance:testpackage.TestMakeMyTrip@5c86dbc5]" started-at="2021-03-22T16:13:45 IST" name="main" finished-at="2021-03-22T16:17:55 IST" duration-ms="250622" status="PASS">
          <reporter-output>
          </reporter-output>
        </test-method> <!-- main -->
        <test-method is-config="true" signature="aftertest()[pri:0, instance:testpackage.TestMakeMyTrip@5c86dbc5]" started-at="2021-03-22T16:17:55 IST" name="aftertest" finished-at="2021-03-22T16:17:56 IST" duration-ms="344" status="PASS">
          <reporter-output>
          </reporter-output>
        </test-method> <!-- aftertest -->
      </class> <!-- testpackage.TestMakeMyTrip -->
    </test> <!-- Default test -->
  </suite> <!-- Default suite -->
</testng-results>
